*   Trying [::1]:8001...
*   Trying 127.0.0.1:8001...
* Connected to localhost (127.0.0.1) port 8001
> GET /dashboard HTTP/1.1
Host: localhost:8001
Accept: */*
Cookie: laravel_session=eyJpdiI6IllZTDZQanBiL3lJM1hNSHhJSEMxUVE9PSIsInZhbHVlIjoiRWRuZ3RKU09NS1h1cWdUV0lMaEFOci9Sbm1GbjlnMWp4RzN3YitBazFHenRHeFQwWEp0L3V6eWVIUEhBOW5yaWtKelJDdCsyMWJRaFcwcVEvaW4xRGxjbzJuSUM0Q2xiWnRGTFRqY2p4ZWxZanBrNzEyRTIydGhQVlNaUTd5OWQiLCJtYWMiOiJiNGIzNTgyOTc2YWI4ODY0NDA2NGQwMDlkM2JiYjNiODIxY2VlOTljYTgzMTVmOTE3YmE4YWZhNTkyMDg0MWUzIiwidGFnIjoiIn0%3D; XSRF-TOKEN=eyJpdiI6InhFNmtFL2lidkRNSGJKMnVYNmpiUWc9PSIsInZhbHVlIjoieUtueVl3UkR4YnFsc0h3eFdFUXlyZ0NOVFl6eEVtcS9FQXEwSHdmdUtEaXhQaWRRZ0J6UG5GUVRaYVJyTWRvMmhCQUU0UWZSbVZ2aFE3VkJuKzlJR01Eb3pISFlEUWo3aUVGYTNqdmZ2T3loeHZtM0M0b1R6bys2c25UZ21IVEEiLCJtYWMiOiI1NGYwMjdmZjYzYmI1MDEwYTBmMjU0YTA1MWU4MWU0NGM0NjNlMzU3MWYzZjIyZWVhZjE0MzA4MjY2MzM0NTAyIiwidGFnIjoiIn0%3D

< HTTP/1.1 200 OK
< Host: localhost:8001
< Connection: close
< X-Powered-By: PHP/8.2.12
< Content-Type: text/html; charset=UTF-8
< Cache-Control: no-cache, private
< Date: Sun, 03 Aug 2025 17:55:46 GMT
* Replaced cookie XSRF-TOKEN="eyJpdiI6IlBTUmV2VUp0L2hJTytwZFY5U1hIY3c9PSIsInZhbHVlIjoiNTJKcmpzaElnZ2pId3Vkc2U1K1VWYnpZeDhlMDFBaDNyK3gvKzBFajExM0djQmF2SXUvWVJYanlhRkVtRGZNRC9TUTJGRk1uQmZTa3pYQ2MvNzdyOGVTQ0t0VWtiYWNUaXc3TmU5Rmx4VWlpVWFIeDhEd1VOTnpzdm5VLzkxRmIiLCJtYWMiOiI0ZGEyMTI3MjMwZmRjZGI0MDI0NWFiNmI0YjNjYWQzZTUxYmY0MDVkOThiYWE0MmUwMWY3NTEyMDAwZGRjZTllIiwidGFnIjoiIn0%3D" for domain localhost, path /, expire 1754250946
< Set-Cookie: XSRF-TOKEN=eyJpdiI6IlBTUmV2VUp0L2hJTytwZFY5U1hIY3c9PSIsInZhbHVlIjoiNTJKcmpzaElnZ2pId3Vkc2U1K1VWYnpZeDhlMDFBaDNyK3gvKzBFajExM0djQmF2SXUvWVJYanlhRkVtRGZNRC9TUTJGRk1uQmZTa3pYQ2MvNzdyOGVTQ0t0VWtiYWNUaXc3TmU5Rmx4VWlpVWFIeDhEd1VOTnpzdm5VLzkxRmIiLCJtYWMiOiI0ZGEyMTI3MjMwZmRjZGI0MDI0NWFiNmI0YjNjYWQzZTUxYmY0MDVkOThiYWE0MmUwMWY3NTEyMDAwZGRjZTllIiwidGFnIjoiIn0%3D; expires=Sun, 03 Aug 2025 19:55:46 GMT; Max-Age=7200; path=/; samesite=lax
* Replaced cookie laravel_session="eyJpdiI6InRwdGFDbDRQSXAreDJWVzhGdjhnSVE9PSIsInZhbHVlIjoiRU5pVFZ5Q3M0NkV6WHRNR0lDMmY5OCtVZmNXUE9YUnFzYzVZQXp4NHMxSGQzV3VhdTJMSjUwOTBSVEVGV21jeVFTcE1TQ3gxMXBBcjR6Yy9OUkZncktxMkRNWjlVd1JDbG1JWS9ORW1wbGY4YTMyYmxVelRFTFl5M1NTNlRGc2YiLCJtYWMiOiI3MjRjMjE5ZTY3MjIwOGUzZTFiOWExZTBiMzc2NWE1MzVmYTFlMTUzOWM0YzJmMTJiMTBkODE5YTZhYTFmYWNkIiwidGFnIjoiIn0%3D" for domain localhost, path /, expire 1754250946
< Set-Cookie: laravel_session=eyJpdiI6InRwdGFDbDRQSXAreDJWVzhGdjhnSVE9PSIsInZhbHVlIjoiRU5pVFZ5Q3M0NkV6WHRNR0lDMmY5OCtVZmNXUE9YUnFzYzVZQXp4NHMxSGQzV3VhdTJMSjUwOTBSVEVGV21jeVFTcE1TQ3gxMXBBcjR6Yy9OUkZncktxMkRNWjlVd1JDbG1JWS9ORW1wbGY4YTMyYmxVelRFTFl5M1NTNlRGc2YiLCJtYWMiOiI3MjRjMjE5ZTY3MjIwOGUzZTFiOWExZTBiMzc2NWE1MzVmYTFlMTUzOWM0YzJmMTJiMTBkODE5YTZhYTFmYWNkIiwidGFnIjoiIn0%3D; expires=Sun, 03 Aug 2025 19:55:46 GMT; Max-Age=7200; path=/; httponly; samesite=lax
< 
* Closing connection
